Traceback (most recent call last):
  File "/opt/hostedtoolcache/Python/3.8.13/x64/lib/python3.8/site-packages/jupyter_cache/executors/utils.py", line 51, in single_nb_execution
    executenb(
  File "/opt/hostedtoolcache/Python/3.8.13/x64/lib/python3.8/site-packages/nbclient/client.py", line 1204, in execute
    return NotebookClient(nb=nb, resources=resources, km=km, **kwargs).execute()
  File "/opt/hostedtoolcache/Python/3.8.13/x64/lib/python3.8/site-packages/nbclient/util.py", line 84, in wrapped
    return just_run(coro(*args, **kwargs))
  File "/opt/hostedtoolcache/Python/3.8.13/x64/lib/python3.8/site-packages/nbclient/util.py", line 62, in just_run
    return loop.run_until_complete(coro)
  File "/opt/hostedtoolcache/Python/3.8.13/x64/lib/python3.8/asyncio/base_events.py", line 616, in run_until_complete
    return future.result()
  File "/opt/hostedtoolcache/Python/3.8.13/x64/lib/python3.8/site-packages/nbclient/client.py", line 663, in async_execute
    await self.async_execute_cell(
  File "/opt/hostedtoolcache/Python/3.8.13/x64/lib/python3.8/site-packages/nbclient/client.py", line 965, in async_execute_cell
    await self._check_raise_for_error(cell, cell_index, exec_reply)
  File "/opt/hostedtoolcache/Python/3.8.13/x64/lib/python3.8/site-packages/nbclient/client.py", line 862, in _check_raise_for_error
    raise CellExecutionError.from_cell_and_msg(cell, exec_reply_content)
nbclient.exceptions.CellExecutionError: An error occurred while executing the following cell:
------------------
%%writefile greetings/docs/index.rst
Welcome to Greetings's documentation!
=====================================
Simple "Hello, James" module developed to teach research software engineering.

.. toctree::
   :maxdepth: 2
   :caption: Contents:


Functions
=========

.. autofunction:: greetings.greeter.greet


Indices and tables
==================

* :ref:`genindex`
* :ref:`modindex`
* :ref:`search`

------------------

[0;31m---------------------------------------------------------------------------[0m
[0;31mFileNotFoundError[0m                         Traceback (most recent call last)
Input [0;32mIn [1][0m, in [0;36m<cell line: 1>[0;34m()[0m
[0;32m----> 1[0m [43mget_ipython[49m[43m([49m[43m)[49m[38;5;241;43m.[39;49m[43mrun_cell_magic[49m[43m([49m[38;5;124;43m'[39;49m[38;5;124;43mwritefile[39;49m[38;5;124;43m'[39;49m[43m,[49m[43m [49m[38;5;124;43m'[39;49m[38;5;124;43mgreetings/docs/index.rst[39;49m[38;5;124;43m'[39;49m[43m,[49m[43m [49m[38;5;124;43m'[39;49m[38;5;124;43mWelcome to Greetings[39;49m[38;5;130;43;01m\'[39;49;00m[38;5;124;43ms documentation![39;49m[38;5;130;43;01m\n[39;49;00m[38;5;124;43m=====================================[39;49m[38;5;130;43;01m\n[39;49;00m[38;5;124;43mSimple [39;49m[38;5;124;43m"[39;49m[38;5;124;43mHello, James[39;49m[38;5;124;43m"[39;49m[38;5;124;43m module developed to teach research software engineering.[39;49m[38;5;130;43;01m\n[39;49;00m[38;5;130;43;01m\n[39;49;00m[38;5;124;43m.. toctree::[39;49m[38;5;130;43;01m\n[39;49;00m[38;5;124;43m   :maxdepth: 2[39;49m[38;5;130;43;01m\n[39;49;00m[38;5;124;43m   :caption: Contents:[39;49m[38;5;130;43;01m\n[39;49;00m[38;5;130;43;01m\n[39;49;00m[38;5;130;43;01m\n[39;49;00m[38;5;124;43mFunctions[39;49m[38;5;130;43;01m\n[39;49;00m[38;5;124;43m=========[39;49m[38;5;130;43;01m\n[39;49;00m[38;5;130;43;01m\n[39;49;00m[38;5;124;43m.. autofunction:: greetings.greeter.greet[39;49m[38;5;130;43;01m\n[39;49;00m[38;5;130;43;01m\n[39;49;00m[38;5;130;43;01m\n[39;49;00m[38;5;124;43mIndices and tables[39;49m[38;5;130;43;01m\n[39;49;00m[38;5;124;43m==================[39;49m[38;5;130;43;01m\n[39;49;00m[38;5;130;43;01m\n[39;49;00m[38;5;124;43m* :ref:`genindex`[39;49m[38;5;130;43;01m\n[39;49;00m[38;5;124;43m* :ref:`modindex`[39;49m[38;5;130;43;01m\n[39;49;00m[38;5;124;43m* :ref:`search`[39;49m[38;5;130;43;01m\n[39;49;00m[38;5;124;43m'[39;49m[43m)[49m

File [0;32m/opt/hostedtoolcache/Python/3.8.13/x64/lib/python3.8/site-packages/IPython/core/interactiveshell.py:2358[0m, in [0;36mInteractiveShell.run_cell_magic[0;34m(self, magic_name, line, cell)[0m
[1;32m   2356[0m [38;5;28;01mwith[39;00m [38;5;28mself[39m[38;5;241m.[39mbuiltin_trap:
[1;32m   2357[0m     args [38;5;241m=[39m (magic_arg_s, cell)
[0;32m-> 2358[0m     result [38;5;241m=[39m [43mfn[49m[43m([49m[38;5;241;43m*[39;49m[43margs[49m[43m,[49m[43m [49m[38;5;241;43m*[39;49m[38;5;241;43m*[39;49m[43mkwargs[49m[43m)[49m
[1;32m   2359[0m [38;5;28;01mreturn[39;00m result

File [0;32m/opt/hostedtoolcache/Python/3.8.13/x64/lib/python3.8/site-packages/IPython/core/magics/osm.py:853[0m, in [0;36mOSMagics.writefile[0;34m(self, line, cell)[0m
[1;32m    850[0m     [38;5;28mprint[39m([38;5;124m"[39m[38;5;124mWriting [39m[38;5;132;01m%s[39;00m[38;5;124m"[39m [38;5;241m%[39m filename)
[1;32m    852[0m mode [38;5;241m=[39m [38;5;124m'[39m[38;5;124ma[39m[38;5;124m'[39m [38;5;28;01mif[39;00m args[38;5;241m.[39mappend [38;5;28;01melse[39;00m [38;5;124m'[39m[38;5;124mw[39m[38;5;124m'[39m
[0;32m--> 853[0m [38;5;28;01mwith[39;00m [43mio[49m[38;5;241;43m.[39;49m[43mopen[49m[43m([49m[43mfilename[49m[43m,[49m[43m [49m[43mmode[49m[43m,[49m[43m [49m[43mencoding[49m[38;5;241;43m=[39;49m[38;5;124;43m'[39;49m[38;5;124;43mutf-8[39;49m[38;5;124;43m'[39;49m[43m)[49m [38;5;28;01mas[39;00m f:
[1;32m    854[0m     f[38;5;241m.[39mwrite(cell)

[0;31mFileNotFoundError[0m: [Errno 2] No such file or directory: 'greetings/docs/index.rst'
FileNotFoundError: [Errno 2] No such file or directory: 'greetings/docs/index.rst'

